<?xml version="1.0" encoding="UTF-8"?>
<testng-results ignored="0" total="1" passed="1" failed="0" skipped="0">
  <reporter-output>
  </reporter-output>
  <suite started-at="2022-07-23T20:23:46 GST" name="Default suite" finished-at="2022-07-23T20:23:55 GST" duration-ms="9329">
    <groups>
    </groups>
    <test started-at="2022-07-23T20:23:46 GST" name="Default test" finished-at="2022-07-23T20:23:55 GST" duration-ms="9329">
      <class name="testCase.Updateprofiletestcase">
        <test-method signature="updateprofile()[pri:0, instance:testCase.Updateprofiletestcase@2beee7ff]" started-at="2022-07-23T20:23:46 GST" name="updateprofile" finished-at="2022-07-23T20:23:55 GST" duration-ms="9299" status="PASS">
          <reporter-output>
          </reporter-output>
        </test-method> <!-- updateprofile -->
      </class> <!-- testCase.Updateprofiletestcase -->
    </test> <!-- Default test -->
  </suite> <!-- Default suite -->
</testng-results>
